<?xml version="1.0" encoding="UTF-8"?>
<testsuite name="org.berdad.GeneratePrefixedMapTest" tests="2" skipped="0" failures="0" errors="0" timestamp="2022-08-27T16:40:35" hostname="LAPTOP-DD43PIKB" time="0.03">
  <properties/>
  <testcase name="doesTheMapHaveTheColumnsDefined()" classname="org.berdad.GeneratePrefixedMapTest" time="0.028"/>
  <testcase name="doesTheMapHaveTheRowsDefined()" classname="org.berdad.GeneratePrefixedMapTest" time="0.001"/>
  <system-out><![CDATA[]]></system-out>
  <system-err><![CDATA[]]></system-err>
</testsuite>
